<?xml version="1.0" encoding="UTF-8"?>
<robot generator="Robot 5.0.1 (Python 3.10.4 on win32)" generated="20220908 12:51:27.957" rpa="false" schemaversion="3">
<suite id="s1" name="Renato" source="C:\Users\renato.martin\Desktop\Shits\Airbus\KotlinQuiz\code\KotlinQuiz\Tests\Renato.robot">
<test id="s1-t1" name="Log in" line="27">
<kw name="Begin Android Test" library="Common" type="SETUP">
<kw name="Set Appium Timeout" library="AppiumLibrary">
<arg>10</arg>
<doc>Sets the timeout in seconds used by various keywords.</doc>
<status status="PASS" starttime="20220908 12:51:28.135" endtime="20220908 12:51:28.135"/>
</kw>
<kw name="Start Appium" library="Common">
<kw name="Start Process" library="Process">
<arg>appium</arg>
<arg>-a</arg>
<arg>localhost</arg>
<arg>-p</arg>
<arg>4723</arg>
<arg>shell=True</arg>
<arg>alias=appiumserver</arg>
<arg>stdout=${EXECDIR}/Output/Appium Handler/appium_stdout.txt</arg>
<arg>stderr=${EXECDIR}/Output/Appium Handler/appium_stderr.txt</arg>
<doc>Starts a new process on background.</doc>
<msg timestamp="20220908 12:51:28.136" level="INFO">Starting process:
appium -a localhost -p 4723</msg>
<status status="PASS" starttime="20220908 12:51:28.136" endtime="20220908 12:51:28.142"/>
</kw>
<kw name="Process Should Be Running" library="Process">
<arg>appiumserver</arg>
<doc>Verifies that the process is running.</doc>
<status status="PASS" starttime="20220908 12:51:28.142" endtime="20220908 12:51:28.142"/>
</kw>
<status status="PASS" starttime="20220908 12:51:28.135" endtime="20220908 12:51:28.142"/>
</kw>
<kw name="Run Application" library="Common">
<kw name="Open Application" library="AppiumLibrary">
<arg>http://localhost:4723/wd/hub</arg>
<arg>noReset=${noReset}</arg>
<arg>platformName=Android</arg>
<arg>platformVersion=11</arg>
<arg>deviceName=${DEVICE_ID}</arg>
<arg>appPackage=${APP_PACKAGE}</arg>
<arg>appActivity=${APP-ACTIVITY}</arg>
<arg>automationName=Uiautomator2</arg>
<doc>Opens a new application to given Appium server.
Capabilities of appium server, Android and iOS,
Please check https://github.com/appium/appium/blob/master/docs/en/writing-running-appium/server-args.md
| *Option*            | *Man.* | *Description*     |
| remote_url          | Yes    | Appium server url |
| alias               | no     | alias             |</doc>
<status status="PASS" starttime="20220908 12:51:28.143" endtime="20220908 12:51:34.856"/>
</kw>
<status status="PASS" starttime="20220908 12:51:28.142" endtime="20220908 12:51:34.856"/>
</kw>
<kw name="Wait Until Page Contains Element" library="AppiumLibrary">
<arg>${AGNET-ICON}</arg>
<doc>Waits until element specified with `locator` appears on current page.</doc>
<status status="PASS" starttime="20220908 12:51:34.856" endtime="20220908 12:51:36.163"/>
</kw>
<kw name="Sleep" library="BuiltIn">
<arg>2s</arg>
<doc>Pauses the test executed for the given time.</doc>
<msg timestamp="20220908 12:51:38.166" level="INFO">Slept 2 seconds</msg>
<status status="PASS" starttime="20220908 12:51:36.163" endtime="20220908 12:51:38.166"/>
</kw>
<status status="PASS" starttime="20220908 12:51:28.135" endtime="20220908 12:51:38.166"/>
</kw>
<kw name="Open Settings Context" library="Common">
<kw name="Click Element" library="AppiumLibrary">
<arg>${AGNET-ICON}</arg>
<doc>Click element identified by `locator`.</doc>
<msg timestamp="20220908 12:51:38.168" level="INFO">Clicking element 'id=com.airbus.agnet.mission:id/bootstrapAppLogo'.</msg>
<status status="PASS" starttime="20220908 12:51:38.167" endtime="20220908 12:51:38.240"/>
</kw>
<kw name="Wait Until Page Contains Element" library="AppiumLibrary">
<arg>${APPLY-BUTTON}</arg>
<doc>Waits until element specified with `locator` appears on current page.</doc>
<status status="PASS" starttime="20220908 12:51:38.240" endtime="20220908 12:51:38.910"/>
</kw>
<status status="PASS" starttime="20220908 12:51:38.166" endtime="20220908 12:51:38.910"/>
</kw>
<kw name="Change Server Values" library="Common">
<kw name="Clear Text" library="AppiumLibrary">
<arg>${CONF-FIELD}</arg>
<doc>Clears the text field identified by `locator`.</doc>
<msg timestamp="20220908 12:51:38.912" level="INFO">Clear text field 'id=com.airbus.agnet.mission:id/changeDefaultUrlsConfigServer'</msg>
<status status="PASS" starttime="20220908 12:51:38.910" endtime="20220908 12:51:38.946"/>
</kw>
<kw name="Input Text" library="AppiumLibrary">
<arg>${CONF-FIELD}</arg>
<arg>conf-1.qa-1.eu-west-1.agnet.com</arg>
<doc>Types the given `text` into text field identified by `locator`.</doc>
<msg timestamp="20220908 12:51:38.948" level="INFO">Typing text 'conf-1.qa-1.eu-west-1.agnet.com' into text field 'id=com.airbus.agnet.mission:id/changeDefaultUrlsConfigServer'</msg>
<status status="PASS" starttime="20220908 12:51:38.947" endtime="20220908 12:51:39.582"/>
</kw>
<kw name="Clear Text" library="AppiumLibrary">
<arg>${HOSTNAME-FIELD}</arg>
<doc>Clears the text field identified by `locator`.</doc>
<msg timestamp="20220908 12:51:39.583" level="INFO">Clear text field 'id=com.airbus.agnet.mission:id/changeDefaultUrlsHostName'</msg>
<status status="PASS" starttime="20220908 12:51:39.582" endtime="20220908 12:51:40.103"/>
</kw>
<kw name="Input Text" library="AppiumLibrary">
<arg>${HOSTNAME-FIELD}</arg>
<arg>agnet.com</arg>
<doc>Types the given `text` into text field identified by `locator`.</doc>
<msg timestamp="20220908 12:51:40.105" level="INFO">Typing text 'agnet.com' into text field 'id=com.airbus.agnet.mission:id/changeDefaultUrlsHostName'</msg>
<status status="PASS" starttime="20220908 12:51:40.104" endtime="20220908 12:51:40.745"/>
</kw>
<kw name="Sleep" library="BuiltIn">
<arg>2s</arg>
<doc>Pauses the test executed for the given time.</doc>
<msg timestamp="20220908 12:51:42.749" level="INFO">Slept 2 seconds</msg>
<status status="PASS" starttime="20220908 12:51:40.745" endtime="20220908 12:51:42.749"/>
</kw>
<kw name="Click Element" library="AppiumLibrary">
<arg>${APPLY-BUTTON}</arg>
<doc>Click element identified by `locator`.</doc>
<msg timestamp="20220908 12:51:42.750" level="INFO">Clicking element 'id=com.airbus.agnet.mission:id/changeDefaultUrlsApply'.</msg>
<status status="PASS" starttime="20220908 12:51:42.749" endtime="20220908 12:51:42.813"/>
</kw>
<kw name="Sleep" library="BuiltIn">
<arg>2s</arg>
<doc>Pauses the test executed for the given time.</doc>
<msg timestamp="20220908 12:51:44.819" level="INFO">Slept 2 seconds</msg>
<status status="PASS" starttime="20220908 12:51:42.813" endtime="20220908 12:51:44.819"/>
</kw>
<status status="PASS" starttime="20220908 12:51:38.910" endtime="20220908 12:51:44.819"/>
</kw>
<kw name="Change Organization ID" library="Common">
<kw name="Wait Until Page Contains Element" library="AppiumLibrary">
<arg>${AGNET-ICON}</arg>
<doc>Waits until element specified with `locator` appears on current page.</doc>
<status status="PASS" starttime="20220908 12:51:44.820" endtime="20220908 12:51:44.844"/>
</kw>
<kw name="Input Text" library="AppiumLibrary">
<arg>${ORGANIZATION-ID-FIELD}</arg>
<arg>530739</arg>
<doc>Types the given `text` into text field identified by `locator`.</doc>
<msg timestamp="20220908 12:51:44.846" level="INFO">Typing text '530739' into text field 'id=com.airbus.agnet.mission:id/bootstrapOrganizationId'</msg>
<status status="PASS" starttime="20220908 12:51:44.845" endtime="20220908 12:51:44.898"/>
</kw>
<status status="PASS" starttime="20220908 12:51:44.819" endtime="20220908 12:51:44.898"/>
</kw>
<kw name="Register Organization" library="Common">
<kw name="Click Element" library="AppiumLibrary">
<arg>${TERMS-CHECKBOX}</arg>
<doc>Click element identified by `locator`.</doc>
<msg timestamp="20220908 12:51:44.900" level="INFO">Clicking element 'id=com.airbus.agnet.mission:id/bootstrapAcceptTermsCheckbox'.</msg>
<status status="PASS" starttime="20220908 12:51:44.899" endtime="20220908 12:51:45.441"/>
</kw>
<kw name="Click Element" library="AppiumLibrary">
<arg>${REGISTER-BUTTON}</arg>
<doc>Click element identified by `locator`.</doc>
<msg timestamp="20220908 12:51:45.443" level="INFO">Clicking element 'id=com.airbus.agnet.mission:id/bootstrapRegisterOrganizationButton'.</msg>
<status status="PASS" starttime="20220908 12:51:45.441" endtime="20220908 12:51:46.074"/>
</kw>
<kw name="Sleep" library="BuiltIn">
<arg>20s</arg>
<doc>Pauses the test executed for the given time.</doc>
<msg timestamp="20220908 12:52:06.081" level="INFO">Slept 20 seconds</msg>
<status status="PASS" starttime="20220908 12:51:46.074" endtime="20220908 12:52:06.081"/>
</kw>
<status status="PASS" starttime="20220908 12:51:44.899" endtime="20220908 12:52:06.081"/>
</kw>
<kw name="End Android Test" library="Common" type="TEARDOWN">
<kw name="Stop Appium process" library="Common">
<kw name="Terminate Process" library="Process">
<arg>appiumserver</arg>
<arg>kill=True</arg>
<doc>Stops the process gracefully or forcefully.</doc>
<msg timestamp="20220908 12:52:06.083" level="INFO">Forcefully killing process.</msg>
<msg timestamp="20220908 12:52:06.083" level="INFO">Process completed.</msg>
<status status="PASS" starttime="20220908 12:52:06.083" endtime="20220908 12:52:06.083"/>
</kw>
<status status="PASS" starttime="20220908 12:52:06.082" endtime="20220908 12:52:06.083"/>
</kw>
<kw name="Close Application" library="AppiumLibrary">
<doc>Closes the current application and also close webdriver session.</doc>
<status status="PASS" starttime="20220908 12:52:06.083" endtime="20220908 12:52:06.391"/>
</kw>
<status status="PASS" starttime="20220908 12:52:06.082" endtime="20220908 12:52:06.391"/>
</kw>
<tag>Current</tag>
<status status="PASS" starttime="20220908 12:51:28.134" endtime="20220908 12:52:06.392"/>
</test>
<status status="PASS" starttime="20220908 12:51:27.959" endtime="20220908 12:52:06.393"/>
</suite>
<statistics>
<total>
<stat pass="1" fail="0" skip="0">All Tests</stat>
</total>
<tag>
<stat pass="1" fail="0" skip="0">Current</stat>
</tag>
<suite>
<stat pass="1" fail="0" skip="0" id="s1" name="Renato">Renato</stat>
</suite>
</statistics>
<errors>
</errors>
</robot>
